TN:
SF:exercise-1\exercise-test-1.js
FN:7,multiplicationTable
FNF:1
FNH:1
FNDA:1,multiplicationTable
DA:1,1
DA:2,1
DA:3,1
DA:4,1
DA:5,1
DA:6,1
DA:7,1
DA:8,1
DA:9,1
DA:10,1
DA:11,0
DA:12,0
DA:13,0
DA:14,1
DA:15,1
DA:16,0
DA:17,0
DA:18,0
DA:19,1
DA:20,1
DA:21,1
DA:22,1
DA:23,1
DA:24,10
DA:25,10
DA:26,1
DA:27,1
DA:28,1
DA:29,1
DA:30,1
DA:31,1
LF:31
LH:25
BRDA:7,0,0,1
BRDA:10,1,0,0
BRDA:15,2,0,0
BRDA:23,3,0,10
BRF:4
BRH:2
end_of_record
TN:
SF:exercise-2\exercise-test-2.js
FN:6,reverseString
FN:15,palindrome
FNF:2
FNH:2
FNDA:2,reverseString
FNDA:2,palindrome
DA:1,1
DA:2,1
DA:3,1
DA:4,1
DA:5,1
DA:6,2
DA:7,2
DA:8,2
DA:9,1
DA:10,1
DA:11,1
DA:12,1
DA:13,1
DA:14,1
DA:15,2
DA:16,2
DA:17,2
DA:18,2
DA:19,0
DA:20,0
DA:21,2
DA:22,2
DA:23,2
DA:24,2
DA:25,0
DA:26,0
DA:27,2
DA:28,2
DA:29,0
DA:30,0
DA:31,2
DA:32,2
DA:33,2
DA:34,2
DA:35,2
DA:36,2
DA:37,2
DA:38,2
DA:39,1
DA:40,1
LF:40
LH:34
BRDA:6,0,0,2
BRDA:15,1,0,2
BRDA:18,2,0,0
BRDA:24,3,0,0
BRDA:28,4,0,0
BRF:5
BRH:2
end_of_record
